[31m[2012-10-23 16:16:47.480] [ERROR] SeleniumDriver - [39mUncaught exception: undefined
[31m[2012-10-23 16:16:47.480] [ERROR] Arrow - [39mUncaught exception: undefined, Controller: /Applications/Selenium/SeleniumRunner/arrow_func/arrow-functional-tests/node/node_modules/yahoo-arrow/lib/controller/default
