<?xml version="1.0" encoding="UTF-8" ?>

  
  <testsuite name="test12.js"
             errors="1"
             failures="0"
             tests="1">
    
      
      <testcase name="testArrow_testDescriptor7">
        
          <failure message="The output of arrow test_descriptor.json --reportFolder=../../report --report=true is not correct">
            AssertionError: '\u001b[32m[2012-10-23 16:12:07.091] [INFO] TestSession - \u001b[39mUsing selenium driver\n' == '\u001b[32m1 Passed\u001b[39m, \u001b[31m0 Failed \u001b[39m, \u001b[90m0 skipped \u001b[39m\n'
    at Object.assertWrapper [as equal] (/Applications/Selenium/SeleniumRunner/arrow_func/arrow-functional-tests/node/node_modules/nodeunit/lib/types.js:83:39)
    at Object.exports.testArrow_testDescriptor7 (/Applications/Selenium/SeleniumRunner/arrow_func/arrow-functional-tests/node/tests/nodeunit/test12.js:16:10)
    at Object.wrapTest (/Applications/Selenium/SeleniumRunner/arrow_func/arrow-functional-tests/node/node_modules/nodeunit/lib/core.js:235:16)
    at wrapTest (/Applications/Selenium/SeleniumRunner/arrow_func/arrow-functional-tests/node/node_modules/nodeunit/lib/core.js:235:16)
    at Object.exports.runTest (/Applications/Selenium/SeleniumRunner/arrow_func/arrow-functional-tests/node/node_modules/nodeunit/lib/core.js:69:9)
    at exports.runSuite (/Applications/Selenium/SeleniumRunner/arrow_func/arrow-functional-tests/node/node_modules/nodeunit/lib/core.js:117:25)
    at _concat (/Applications/Selenium/SeleniumRunner/arrow_func/arrow-functional-tests/node/node_modules/nodeunit/deps/async.js:508:13)
    at async.forEachSeries.iterate (/Applications/Selenium/SeleniumRunner/arrow_func/arrow-functional-tests/node/node_modules/nodeunit/deps/async.js:118:13)
    at async.forEachSeries (/Applications/Selenium/SeleniumRunner/arrow_func/arrow-functional-tests/node/node_modules/nodeunit/deps/async.js:134:9)
    at _concat (/Applications/Selenium/SeleniumRunner/arrow_func/arrow-functional-tests/node/node_modules/nodeunit/deps/async.js:507:9)
          </failure>
        
      </testcase>
    
  </testsuite>

