<?xml version="1.0" encoding="UTF-8" ?>

  
  <testsuite name="test16.js"
             errors="1"
             failures="0"
             tests="1">
    
      
      <testcase name="testfail_Controller">
        
          <failure message="The output failed controller is not consistent">
            AssertionError: The output failed controller is not consistent
    at Object.assertWrapper [as equal] (/Applications/Selenium/SeleniumRunner/arrow_func/arrow-functional-tests/node/node_modules/nodeunit/lib/types.js:83:39)
    at Object.exports.testfail_Controller (/Applications/Selenium/SeleniumRunner/arrow_func/arrow-functional-tests/node/tests/nodeunit/test16.js:16:10)
    at Object.wrapTest (/Applications/Selenium/SeleniumRunner/arrow_func/arrow-functional-tests/node/node_modules/nodeunit/lib/core.js:235:16)
    at wrapTest (/Applications/Selenium/SeleniumRunner/arrow_func/arrow-functional-tests/node/node_modules/nodeunit/lib/core.js:235:16)
    at Object.exports.runTest (/Applications/Selenium/SeleniumRunner/arrow_func/arrow-functional-tests/node/node_modules/nodeunit/lib/core.js:69:9)
    at exports.runSuite (/Applications/Selenium/SeleniumRunner/arrow_func/arrow-functional-tests/node/node_modules/nodeunit/lib/core.js:117:25)
    at _concat (/Applications/Selenium/SeleniumRunner/arrow_func/arrow-functional-tests/node/node_modules/nodeunit/deps/async.js:508:13)
    at async.forEachSeries.iterate (/Applications/Selenium/SeleniumRunner/arrow_func/arrow-functional-tests/node/node_modules/nodeunit/deps/async.js:118:13)
    at async.forEachSeries (/Applications/Selenium/SeleniumRunner/arrow_func/arrow-functional-tests/node/node_modules/nodeunit/deps/async.js:134:9)
    at _concat (/Applications/Selenium/SeleniumRunner/arrow_func/arrow-functional-tests/node/node_modules/nodeunit/deps/async.js:507:9)
          </failure>
        
      </testcase>
    
  </testsuite>

