<testsuite failures='3' time='0.50' errors='0' skipped='0' tests='3' name='tabview'><properties><property name='descriptor' value='test_descriptor.json' /><property name='browser' value='sauce_firefox' /></properties><testcase time='0.00' classname='Error.dom_int' name='Error'><failure><![CDATA[Uncaught exception: undefined, Controller: /Applications/Selenium/SeleniumRunner/arrow_func/arrow-functional-tests/node/node_modules/yahoo-arrow/lib/controller/default]]></failure></testcase><testcase time='0.00' classname='Error.int' name='Error'><failure><![CDATA[Uncaught exception: undefined, Controller: /Applications/Selenium/SeleniumRunner/arrow_func/arrow-functional-tests/node/node_modules/yahoo-arrow/lib/controller/default]]></failure></testcase><testcase time='0.00' classname='Error.int1' name='Error'><failure><![CDATA[Uncaught exception: undefined, Controller: /Applications/Selenium/SeleniumRunner/arrow_func/arrow-functional-tests/node/node_modules/yahoo-arrow/lib/controller/default]]></failure></testcase></testsuite>